----------------------------------------
Starting ... Wed Oct  2 17:24:33 EDT 2019
----------------------------------------
MYSQL_HOME = /opt/local/lib/mysql55
user =       root
db_name =    umls
    Create and load tables ... Wed Oct  2 17:24:33 EDT 2019
--------------
DROP TABLE IF EXISTS SRDEF
--------------

Query OK, 0 rows affected (0.00 sec)

--------------
CREATE TABLE SRDEF (
	RT	VARCHAR (3) BINARY NOT NULL,
	UI	CHAR (4) BINARY NOT NULL,
	STY_RL	VARCHAR (41) BINARY NOT NULL,
	STN_RTN	VARCHAR (14) BINARY NOT NULL,
	DEF	TEXT	NOT NULL,
	EX	VARCHAR (185) BINARY,
	UN	TEXT,
	NH	VARCHAR (1) BINARY,
	ABR	VARCHAR (4) BINARY NOT NULL,
	RIN	VARCHAR (23) BINARY
) CHARACTER SET utf8
--------------

Query OK, 0 rows affected (0.01 sec)

--------------
load data local infile 'SRDEF' into table SRDEF fields terminated by '|' ESCAPED BY '' lines terminated by '\n'
(@rt, @ui, @sty_rl, @stn_rtn, @def, @ex, @un, @nh, @abr, @rin)
SET RT = @rt,
UI = @ui,
STY_RL = @sty_rl,
STN_RTN = @stn_rtn,
DEF = @def,
EX = NULLIF(@ex,''),
UN = NULLIF(@un,''),
NH = NULLIF(@nh,''),
ABR = @abr,
RIN = NULLIF(@rin,'')
--------------

Query OK, 181 rows affected (0.00 sec)
Records: 181  Deleted: 0  Skipped: 0  Warnings: 0

--------------
DROP TABLE IF EXISTS SRFIL
--------------

Query OK, 0 rows affected, 1 warning (0.00 sec)

Note (Code 1051): Unknown table 'srfil'
--------------
CREATE TABLE SRFIL (
	FIL	VARCHAR (7) BINARY NOT NULL,
	DES	VARCHAR (56) BINARY NOT NULL,
	FMT	VARCHAR (41) BINARY NOT NULL,
	CLS	VARCHAR (2) BINARY NOT NULL,
	RWS	VARCHAR (4) BINARY NOT NULL,
	BTS	VARCHAR (6) BINARY NOT NULL
) CHARACTER SET utf8
--------------

Query OK, 0 rows affected (0.01 sec)

--------------
load data local infile 'SRFIL' into table SRFIL fields terminated by '|' ESCAPED BY '' lines terminated by '\n'
--------------

Query OK, 6 rows affected (0.00 sec)
Records: 6  Deleted: 0  Skipped: 0  Warnings: 0

--------------
DROP TABLE IF EXISTS SRFLD
--------------

Query OK, 0 rows affected, 1 warning (0.00 sec)

Note (Code 1051): Unknown table 'srfld'
--------------
CREATE TABLE SRFLD (
	COL	VARCHAR (3) BINARY NOT NULL,
	DES	VARCHAR (32) BINARY NOT NULL,
	REF	VARCHAR (3) BINARY NOT NULL,
	FIL	VARCHAR (19) BINARY NOT NULL
) CHARACTER SET utf8
--------------

Query OK, 0 rows affected (0.01 sec)

--------------
load data local infile 'SRFLD' into table SRFLD fields terminated by '|' ESCAPED BY '' lines terminated by '\n'
--------------

Query OK, 21 rows affected (0.00 sec)
Records: 21  Deleted: 0  Skipped: 0  Warnings: 0

--------------
DROP TABLE IF EXISTS SRSTR
--------------

Query OK, 0 rows affected, 1 warning (0.00 sec)

Note (Code 1051): Unknown table 'srstr'
--------------
CREATE TABLE SRSTR (
	STY_RL1	VARCHAR (41) BINARY NOT NULL,
	RL	VARCHAR (23) BINARY NOT NULL,
	STY_RL2	VARCHAR (39) BINARY,
	LS	VARCHAR (3) BINARY NOT NULL
) CHARACTER SET utf8
--------------

Query OK, 0 rows affected (0.00 sec)

--------------
load data local infile 'SRSTR' into table SRSTR fields terminated by '|' ESCAPED BY '' lines terminated by '\n'
(@sty_rl1, @rl, @sty_rl2, @ls)
SET STY_RL1 = @sty_rl1,
RL = @rl,
STY_RL2 = NULLIF(@sty_rl2,''),
LS = @ls
--------------

Query OK, 597 rows affected (0.01 sec)
Records: 597  Deleted: 0  Skipped: 0  Warnings: 0

--------------
DROP TABLE IF EXISTS SRSTRE1
--------------

Query OK, 0 rows affected, 1 warning (0.00 sec)

Note (Code 1051): Unknown table 'srstre1'
--------------
CREATE TABLE SRSTRE1 (
	UI1	CHAR (4) BINARY NOT NULL,
	UI2	CHAR (4) BINARY NOT NULL,
	UI3	CHAR (4) BINARY NOT NULL
) CHARACTER SET utf8
--------------

Query OK, 0 rows affected (0.01 sec)

--------------
load data local infile 'SRSTRE1' into table SRSTRE1 fields terminated by '|' ESCAPED BY '' lines terminated by '\n'
--------------

Query OK, 6217 rows affected (0.03 sec)
Records: 6217  Deleted: 0  Skipped: 0  Warnings: 0

--------------
DROP TABLE IF EXISTS SRSTRE2
--------------

Query OK, 0 rows affected, 1 warning (0.00 sec)

Note (Code 1051): Unknown table 'srstre2'
--------------
CREATE TABLE SRSTRE2 (
	STY1	VARCHAR (41) BINARY NOT NULL,
	RL	VARCHAR (23) BINARY NOT NULL,
	STY2	VARCHAR (41) BINARY NOT NULL
) CHARACTER SET utf8
--------------

Query OK, 0 rows affected (0.01 sec)

--------------
load data local infile 'SRSTRE2' into table SRSTRE2 fields terminated by '|' ESCAPED BY '' lines terminated by '\n'
--------------

Query OK, 6217 rows affected (0.02 sec)
Records: 6217  Deleted: 0  Skipped: 0  Warnings: 0

Bye
----------------------------------------
Completed without errors.
Finished ... Wed Oct  2 17:24:34 EDT 2019
----------------------------------------
