----------------------------------------
Starting ... Wed Oct  2 20:24:41 EDT 2019
----------------------------------------
MYSQL_HOME = /opt/local/lib/mysql55
user =       root
db_name =    umls
    Create and load tables ... Wed Oct  2 20:24:41 EDT 2019
--------------
DROP TABLE IF EXISTS MRCONSO
--------------

Query OK, 0 rows affected (0.00 sec)

--------------
CREATE TABLE MRCONSO
(
  CUI       CHAR(8),
  LAT       CHAR(3),
  TS        CHAR(1),
  LUI       VARCHAR(10),
  STT       VARCHAR(3),
  SUI       VARCHAR(10),
  ISPREF    CHAR(1),
  AUI       VARCHAR(9) NOT NULL,
  SAUI      VARCHAR(50),
  SCUI      VARCHAR(100),
  SDUI      VARCHAR(100),
  SAB       VARCHAR(40),
  TTY       VARCHAR(40),
  CODE      VARCHAR(100),
  STR       VARCHAR(3000),
  SRL       INT ,
  SUPPRESS  CHAR(1),
  CVF       INT,
  FILLER_COLUMN INT
)
--------------

Query OK, 0 rows affected (0.01 sec)

--------------
load data local infile 'MRCONSO.RRF' into table MRCONSO fields terminated by '|' ESCAPED BY '' lines terminated by '\n'
--------------

Query OK, 14608809 rows affected, 65535 warnings (2 min 16.84 sec)
Records: 14608809  Deleted: 0  Skipped: 0  Warnings: 23926816

--------------
DROP TABLE IF EXISTS MRHIER
--------------

Query OK, 0 rows affected (0.00 sec)

--------------
CREATE TABLE MRHIER
(
  CUI   CHAR(8),
  AUI   VARCHAR(9),
  CXN   INT,
  PAUI  VARCHAR(9),
  SAB   VARCHAR(40),
  RELA  VARCHAR(100),
  PTR   VARCHAR(1000),
  HCD   VARCHAR(150),
  CVF   INT,
  FILLER_COLUMN INT
)
--------------

Query OK, 0 rows affected (0.11 sec)

--------------
load data local infile 'MRHIER.RRF' into table MRHIER fields terminated by '|' ESCAPED BY '' lines terminated by '\n'
--------------

Query OK, 27207372 rows affected, 65535 warnings (3 min 27.00 sec)
Records: 27207372  Deleted: 0  Skipped: 0  Warnings: 53532186

--------------
DROP TABLE IF EXISTS MRMAP
--------------

Query OK, 0 rows affected (0.01 sec)

--------------
CREATE TABLE MRMAP
(
  MAPSETCUI    CHAR(8),
  MAPSETSAB    VARCHAR(40),
  MAPSUBSETID  VARCHAR(10),
  MAPRANK      INT,
  MAPID        VARCHAR(50),
  MAPSID       VARCHAR(50),
  FROMID       VARCHAR(50),
  FROMSID      VARCHAR(50),
  FROMEXPR     TEXT(4000),
  FROMTYPE     VARCHAR(50),
  FROMRULE     TEXT(4000),
  FROMRES      TEXT(4000),
  REL          VARCHAR(4),
  RELA         VARCHAR(100),
  TOID         VARCHAR(50),
  TOSID        VARCHAR(50),
  TOEXPR       TEXT(4000),
  TOTYPE       VARCHAR(50),
  TORULE       TEXT(4000),
  TORES        TEXT(4000),
  MAPRULE      TEXT(4000),
  MAPRES       TEXT(4000),
  MAPTYPE      VARCHAR(50),
  MAPATN       VARCHAR(20),
  MAPATV       TEXT(4000),
  CVF          INT,
  FILLER_COLUMN INT
)
--------------

Query OK, 0 rows affected (0.10 sec)

--------------
load data local infile 'MRMAP.RRF' into table MRMAP fields terminated by '|' ESCAPED BY '' lines terminated by '\n'
--------------

Query OK, 741030 rows affected, 65535 warnings (8.26 sec)
Records: 741030  Deleted: 0  Skipped: 0  Warnings: 1868007

--------------
DROP TABLE IF EXISTS MRSMAP
--------------

Query OK, 0 rows affected (0.00 sec)

--------------
CREATE TABLE MRSMAP
(
  MAPSETCUI            CHAR (8),
  MAPSETSAB            VARCHAR (40),
  MAPID                VARCHAR (50),
  MAPSID               VARCHAR (50),
  FROMEXPR             VARCHAR (4000),
  FROMTYPE             VARCHAR (50),
  REL                  VARCHAR (4),
  RELA                 VARCHAR (100),
  TOEXPR               VARCHAR (4000),
  TOTYPE               VARCHAR (50),
  CVF                  INT,
  VOCABULARY_DATE      DATE,
  VOCABULARY_VERSION   VARCHAR (200)
)
--------------

Query OK, 0 rows affected (0.02 sec)

--------------
load data local infile 'MRSMAP.RRF' into table MRSMAP fields terminated by '|' ESCAPED BY '' lines terminated by '\n'
--------------

Query OK, 385947 rows affected, 65535 warnings (2.93 sec)
Records: 385947  Deleted: 0  Skipped: 0  Warnings: 1157841

--------------
DROP TABLE IF EXISTS MRSAT
--------------

Query OK, 0 rows affected (0.00 sec)

--------------
CREATE TABLE MRSAT
(
  CUI       CHAR(8),
  LUI       VARCHAR(10),
  SUI       VARCHAR(10),
  METAUI    VARCHAR(50),
  STYPE     VARCHAR(50),
  CODE      VARCHAR(50),
  ATUI      VARCHAR(11),
  SATUI     VARCHAR(50),
  ATN       VARCHAR(100),
  SAB       VARCHAR(40),
  ATV       TEXT,
  SUPPRESS  CHAR(1),
  CVF       VARCHAR(50),
  FILLER_COLUMN INT
)
--------------

Query OK, 0 rows affected (0.06 sec)

--------------
load data local infile 'MRSAT.RRF' into table MRSAT fields terminated by '|' ESCAPED BY '' lines terminated by '\n'
--------------

Query OK, 73488210 rows affected, 65535 warnings (8 min 57.96 sec)
Records: 73488210  Deleted: 0  Skipped: 0  Warnings: 73488210

--------------
DROP TABLE IF EXISTS MRREL
--------------

Query OK, 0 rows affected (0.02 sec)

--------------
CREATE TABLE MRREL
(
  CUI1      CHAR(8),
  AUI1      VARCHAR(9),
  STYPE1    VARCHAR(50),
  REL       VARCHAR(4),
  CUI2      CHAR(8),
  AUI2      VARCHAR(9),
  STYPE2    VARCHAR(50),
  RELA      VARCHAR(100),
  RUI       VARCHAR(10),
  SRUI      VARCHAR(50),
  SAB       VARCHAR(40),
  SL        VARCHAR(40),
  RG        VARCHAR(10),
  DIR       VARCHAR(1),
  SUPPRESS  CHAR(1),
  CVF       INT,
  FILLER_COLUMN INT
)
--------------

Query OK, 0 rows affected (0.08 sec)

--------------
load data local infile 'MRREL.RRF' into table MRREL fields terminated by '|' ESCAPED BY '' lines terminated by '\n'
--------------

Query OK, 80256532 rows affected, 65535 warnings (11 min 1.78 sec)
Records: 80256532  Deleted: 0  Skipped: 0  Warnings: 156423138

--------------
CREATE INDEX X_MRSAT_CUI ON MRSAT (CUI)
--------------

Query OK, 0 rows affected (8 min 33.75 sec)
Records: 0  Duplicates: 0  Warnings: 0

--------------
CREATE INDEX X_MRCONSO_CODE ON MRCONSO (CODE)
--------------

Query OK, 0 rows affected (1 min 47.69 sec)
Records: 0  Duplicates: 0  Warnings: 0

--------------
CREATE INDEX X_MRCONSO_CUI ON MRCONSO (CUI)
--------------

Query OK, 0 rows affected (1 min 42.12 sec)
Records: 0  Duplicates: 0  Warnings: 0

--------------
CREATE INDEX X_MRCONSO_LUI ON MRCONSO (LUI)
--------------

Query OK, 0 rows affected (1 min 58.32 sec)
Records: 0  Duplicates: 0  Warnings: 0

--------------
CREATE UNIQUE INDEX X_MRCONSO_PK ON MRCONSO (AUI)
--------------

Query OK, 0 rows affected (9 min 16.15 sec)
Records: 0  Duplicates: 0  Warnings: 0

--------------
CREATE INDEX X_MRCONSO_SAB_TTY ON MRCONSO (SAB, TTY)
--------------

Query OK, 0 rows affected (1 min 49.16 sec)
Records: 0  Duplicates: 0  Warnings: 0

--------------
CREATE INDEX X_MRCONSO_SCUI ON MRCONSO (SCUI)
--------------

Query OK, 0 rows affected (1 min 41.28 sec)
Records: 0  Duplicates: 0  Warnings: 0

--------------
CREATE INDEX X_MRCONSO_SDUI ON MRCONSO (SDUI)
--------------

Query OK, 0 rows affected (1 min 19.41 sec)
Records: 0  Duplicates: 0  Warnings: 0

--------------
CREATE INDEX X_MRCONSO_STR ON MRCONSO (STR)
--------------

Query OK, 0 rows affected, 2 warnings (8 min 23.78 sec)
Records: 0  Duplicates: 0  Warnings: 2

--------------
CREATE INDEX X_MRCONSO_SUI ON MRCONSO (SUI)
--------------

Query OK, 0 rows affected (2 min 1.13 sec)
Records: 0  Duplicates: 0  Warnings: 0

--------------
CREATE INDEX X_MRREL_AUI ON MRREL (AUI1, AUI2)
--------------

Query OK, 0 rows affected (12 min 56.98 sec)
Records: 0  Duplicates: 0  Warnings: 0

Bye
----------------------------------------
Completed without errors.
Finished ... Wed Oct  2 21:42:06 EDT 2019
----------------------------------------
